🚀 Building PhysioClinicAssistant v2.1.0
============================================================
[1/6] Cleanup - Cleaning previous builds (0.0s)
[2/6] Main App - Building main application (0.0s)
[3/6] Icon prepared: static/logo.icns (1.2s)
[4/6] Starting: PyInstaller main app (1.2s)
[5/6] Still running... (30s elapsed) (31.3s)
[6/6] Still running... (60s elapsed) (61.4s)
[7/6] Still running... (90s elapsed) (91.5s)
[8/6] Still running... (120s elapsed) (121.6s)
[9/6] Still running... (150s elapsed) (151.6s)
[10/6] Still running... (180s elapsed) (181.7s)
[11/6] Still running... (211s elapsed) (211.8s)
[12/6] Still running... (241s elapsed) (242.0s)
[13/6] Completed: PyInstaller main app (251.7s)
[14/6] App Bundle - Customizing .app bundle (251.7s)
[15/6] Icon file configured in Info.plist (251.7s)
[16/6] Customized PhysioClinicAssistant.app Info.plist (251.7s)
[17/6] Set executable permissions on PhysioClinicAssistant (251.7s)
[18/6] Code Signing - Signing application (251.7s)
[19/6] WARNING - No signing identity provided - skipping code signing (251.7s)
[20/6] Notarization - Notarizing application (251.7s)
[21/6] WARNING - Notarization credentials not provided - skipping notarization (251.7s)
[22/6] DMG Creation - Creating DMG (251.7s)
[23/6] Starting: Create temporary DMG (attempt 1/3) (260.5s)
[24/6] Still running... (30s elapsed) (290.6s)
[25/6] Still running... (60s elapsed) (320.6s)
[26/6] Completed: Create temporary DMG (attempt 1/3) (337.8s)
[27/6] Starting: Compress DMG (337.8s)
[28/6] ERROR - Failed: Compress DMG (338.5s)
Error: 
hdiutil: convert failed - File exists


❌ Build failed at: Create DMG
