🚀 Building PhysioClinicAssistant v2.1.0
============================================================
[1/6] Cleanup - Cleaning previous builds (0.0s)
[2/6] Main App - Building main application (0.0s)
[3/6] Icon prepared: static/logo.icns (1.6s)
[4/6] Starting: PyInstaller main app (1.6s)
[5/6] Still running... (30s elapsed) (31.8s)
[6/6] Still running... (60s elapsed) (61.9s)
[7/6] Still running... (90s elapsed) (91.9s)
[8/6] Still running... (120s elapsed) (122.0s)
[9/6] Still running... (150s elapsed) (152.0s)
[10/6] Still running... (180s elapsed) (182.1s)
[11/6] Still running... (211s elapsed) (212.2s)
[12/6] Completed: PyInstaller main app (220.5s)
[13/6] App Bundle - Customizing .app bundle (220.5s)
[14/6] Icon file configured in Info.plist (220.6s)
[15/6] Customized PhysioClinicAssistant.app Info.plist (220.6s)
[16/6] Set executable permissions on PhysioClinicAssistant (220.6s)
[17/6] Code Signing - Signing application (220.6s)
[18/6] WARNING - No signing identity provided - skipping code signing (220.6s)
[19/6] Notarization - Notarizing application (220.6s)
[20/6] WARNING - Notarization credentials not provided - skipping notarization (220.6s)
[21/6] DMG Creation - Creating DMG (220.6s)
[22/6] Starting: Create temporary DMG (attempt 1/3) (228.7s)
[23/6] Still running... (30s elapsed) (258.8s)
[24/6] Still running... (60s elapsed) (288.8s)
[25/6] Completed: Create temporary DMG (attempt 1/3) (296.0s)
[26/6] Starting: Compress DMG (296.0s)
[27/6] Completed: Compress DMG (313.4s)
[28/6] DMG created: PhysioClinicAssistant-2.1.0-macOS.dmg (634.2 MB) (314.1s)
[29/6] Cleanup - Cleaning up (314.1s)
============================================================
✅ Build completed successfully in 314.1s
📦 DMG file: PhysioClinicAssistant-2.1.0-macOS.dmg
