🚀 Building PhysioClinicAssistant v2.1.0
============================================================
[1/6] Cleanup - Cleaning previous builds (0.0s)
[2/6] Main App - Building main application (0.0s)
[3/6] Icon prepared: static/logo.icns (1.8s)
[4/6] Starting: PyInstaller main app (1.8s)
[5/6] Still running... (30s elapsed) (31.9s)
[6/6] Still running... (60s elapsed) (62.0s)
[7/6] Still running... (90s elapsed) (92.0s)
[8/6] Still running... (120s elapsed) (122.1s)
[9/6] Still running... (150s elapsed) (152.1s)
[10/6] Completed: PyInstaller main app (172.6s)
[11/6] App Bundle - Customizing .app bundle (172.6s)
[12/6] Icon file configured in Info.plist (172.6s)
[13/6] Customized PhysioClinicAssistant.app Info.plist (172.6s)
[14/6] Set executable permissions on PhysioClinicAssistant (172.6s)
[15/6] Code Signing - Signing application (172.6s)
[16/6] WARNING - No signing identity provided - skipping code signing (172.6s)
[17/6] Notarization - Notarizing application (172.6s)
[18/6] WARNING - Notarization credentials not provided - skipping notarization (172.6s)
[19/6] DMG Creation - Creating DMG (172.6s)
[20/6] Starting: Create temporary DMG (attempt 1/3) (181.4s)
[21/6] Still running... (30s elapsed) (211.4s)
[22/6] Still running... (60s elapsed) (241.5s)
[23/6] Completed: Create temporary DMG (attempt 1/3) (243.6s)
[24/6] Starting: Compress DMG (243.6s)
[25/6] Completed: Compress DMG (266.7s)
[26/6] DMG created: PhysioClinicAssistant-2.1.0-macOS.dmg (634.3 MB) (267.3s)
[27/6] Cleanup - Cleaning up (267.3s)
============================================================
✅ Build completed successfully in 267.4s
📦 DMG file: PhysioClinicAssistant-2.1.0-macOS.dmg
